Received at: 2025-01-08 23:26:26
Headers:
Array
(
    [Host] => localhost
    [Connection] => keep-alive
    [Content-Length] => 102
    [Cache-Control] => max-age=0
    [sec-ch-ua] => "Google Chrome";v="131", "Chromium";v="131", "Not_A Brand";v="24"
    [sec-ch-ua-mobile] => ?0
    [sec-ch-ua-platform] => "Windows"
    [Origin] => null
    [Content-Type] => application/x-www-form-urlencoded
    [Upgrade-Insecure-Requests] => 1
    [User-Agent] => Mozilla/5.0 (Windows NT 10.0; Win64; x64) AppleWebKit/537.36 (KHTML, like Gecko) Chrome/131.0.0.0 Safari/537.36
    [Accept] => text/html,application/xhtml+xml,application/xml;q=0.9,image/avif,image/webp,image/apng,*/*;q=0.8,application/signed-exchange;v=b3;q=0.7
    [Sec-Fetch-Site] => cross-site
    [Sec-Fetch-Mode] => navigate
    [Sec-Fetch-Dest] => iframe
    [Accept-Encoding] => gzip, deflate, br, zstd
    [Accept-Language] => en-US,en;q=0.9
)

Body:
threeDSMethodData=eyJ0aHJlZURTU2VydmVyVHJhbnNJRCI6ImViN2FmOGRhLWFlZDEtNTJlNi04MDAwLTAwMDAwMzRjYWFiYiJ9
